Reducer with id: 3 is running
Received message
Received message
Received message
Received message
Received message
Received message
Received message
Received message
Received message
Received message
Received message
Received message
Received message
Received message
Received message
Received message
Received message
Received message
Received message
Received message
Received message
Received message
Received message
Received message
Received message
Received message
Received message
Received message
Received message
Received message
Received message
Received message
Received message
Received message
Received message
Received message
Received message
Received message
Received message
Received message
Received message
Received message
Received message
Received message
Received message
Received message
Received message
Received message
Received message
Received message
Received message
Received message
Received message
Received message
Received STOP
interconnected: 1
Sent map
other: 1
Sent map
been: 1
Sent map
virtual: 1
Sent map
called: 3
Sent map
use: 1
Sent map
another: 1
Sent map
for: 1
Sent map
learning: 1
Sent map
autonomous: 1
Sent map
used: 1
Sent map
smart: 1
Sent map
example: 2
Sent map
can: 1
Sent map
computing: 4
Sent map
split: 1
Sent map
systems: 1
Sent map
and: 3
Sent map
of: 2
Sent map
complex: 2
Sent map
things: 1
Sent map
implement: 1
Sent map
map: 1
Sent map
reduce: 1
Sent map
a: 2
Sent map
based: 1
Sent map
or: 1
Sent map
in: 2
Sent map
again: 1
Sent map
shuffled: 1
Sent map
distributed: 3
Sent map
require: 1
Sent map
then: 1
Sent map
collision: 1
Sent map
such: 1
Sent map
nodes: 2
Sent map
framework: 1
Sent map
at: 1
Sent map
mapreduce: 1
Sent map
among: 1
Sent map
reality: 1
Sent map
shuffle: 1
Sent map
internet: 1
Sent map
since: 1
Sent map
Sent STOP
