Reducer with id: 2 is running
Received message
Received message
Received message
Received message
Received message
Received message
Received message
Received message
Received message
Received message
Received message
Received message
Received message
Received message
Received message
Received message
Received message
Received message
Received message
Received message
Received message
Received message
Received message
Received message
Received message
Received message
Received message
Received message
Received message
Received message
Received message
Received message
Received message
Received message
Received message
Received message
Received message
Received message
Received message
Received message
Received message
Received message
Received message
Received message
Received message
Received message
Received message
Received message
Received message
Received message
Received message
Received message
Received message
Received message
Received message
Received message
Received message
Received message
Received message
Received message
Received message
Received message
Received message
Received message
Received message
Received message
Received STOP
Sent map
Sent map
Sent map
Sent map
Sent map
Sent map
Sent map
Sent map
Sent map
Sent map
Sent map
Sent map
Sent map
Sent map
Sent map
Sent map
Sent map
Sent map
Sent map
Sent map
Sent map
Sent map
Sent map
Sent map
Sent map
Sent map
Sent map
Sent map
Sent map
Sent map
Sent map
Sent map
Sent map
Sent map
Sent map
Sent map
Sent map
Sent map
Sent map
Sent map
Sent map
Sent map
Sent map
Sent map
Sent map
Sent map
Sent map
Sent map
Sent map
Sent map
Sent map
Sent map
Sent STOP
