Router is running
Received in 2
Sent ACK
DEALER SENT in 2
Received interconnected 1
Sent ACK
DEALER SENT interconnected 1
Received devices 1
Sent ACK
DEALER SENT devices 1
Received another 1
Sent ACK
DEALER SENT another 1
Received gaming 1
Sent ACK
DEALER SENT gaming 1
Received for 1
Sent ACK
DEALER SENT for 1
Received other 1
Sent ACK
DEALER SENT other 1
Received for 2
Sent ACK
DEALER SENT for 2
Received distributed 1
Sent ACK
DEALER SENT distributed 1
Received vehicles 1
Sent ACK
DEALER SENT vehicles 1
Received or 1
Sent ACK
DEALER SENT or 1
Received developed 1
Sent ACK
DEALER SENT developed 1
Received distributed 2
Sent ACK
DEALER SENT distributed 2
Received cases 1
Sent ACK
DEALER SENT cases 1
Received years 1
Sent ACK
DEALER SENT years 1
Received entertainment 1
Sent ACK
DEALER SENT entertainment 1
Received autonomous 1
Sent ACK
DEALER SENT autonomous 1
Received rapidly 1
Sent ACK
DEALER SENT rapidly 1
Received avoidance 1
Sent ACK
DEALER SENT avoidance 1
Received use 1
Sent ACK
DEALER SENT use 1
Received technologies 1
Sent ACK
DEALER SENT technologies 1
Received for 1
Sent ACK
DEALER SENT for 1
Received example 2
Sent ACK
DEALER SENT example 2
Received the 1
Sent ACK
DEALER SENT the 1
Received can 1
Sent ACK
DEALER SENT can 1
Received phones 1
Sent ACK
DEALER SENT phones 1
Received computing 1
Sent ACK
DEALER SENT computing 1
Received augmented 1
Sent ACK
DEALER SENT augmented 1
Received collision 1
Sent ACK
DEALER SENT collision 1
Received communications 1
Sent ACK
DEALER SENT communications 1
Received nearby 1
Sent ACK
DEALER SENT nearby 1
Received computing 2
Sent ACK
DEALER SENT computing 2
Received advancements 1
Sent ACK
DEALER SENT advancements 1
Received management 1
Sent ACK
DEALER SENT management 1
Received smart 1
Sent ACK
DEALER SENT smart 1
Received due 1
Sent ACK
DEALER SENT due 1
Received can 1
Sent ACK
DEALER SENT can 1
Received and 1
Sent ACK
DEALER SENT and 1
Received and 1
Sent ACK
DEALER SENT and 1
Received utilize 1
Sent ACK
DEALER SENT utilize 1
Received nodes 1
Sent ACK
DEALER SENT nodes 1
Received wireless 2
Sent ACK
DEALER SENT wireless 2
Received among 1
Sent ACK
DEALER SENT among 1
Received congestion 1
Sent ACK
DEALER SENT congestion 1
Received to 1
Sent ACK
DEALER SENT to 1
Received and 1
Sent ACK
DEALER SENT and 1
Received been 1
Sent ACK
DEALER SENT been 1
Received recent 1
Sent ACK
DEALER SENT recent 1
Received of 1
Sent ACK
DEALER SENT of 1
Received frameworks 1
Sent ACK
DEALER SENT frameworks 1
Received include 1
Sent ACK
DEALER SENT include 1
Received reality 1
Sent ACK
DEALER SENT reality 1
Received data 1
Sent ACK
DEALER SENT data 1
Received in 1
Sent ACK
DEALER SENT in 1
Received implement 1
Sent ACK
DEALER SENT implement 1
Received in 1
Sent ACK
DEALER SENT in 1
Received distributed 1
Sent ACK
DEALER SENT distributed 1
Received fog 1
Sent ACK
DEALER SENT fog 1
Received used 1
Sent ACK
DEALER SENT used 1
Received for 1
Sent ACK
DEALER SENT for 1
Received a 1
Sent ACK
DEALER SENT a 1
Received mobile 1
Sent ACK
DEALER SENT mobile 1
Received networks 1
Sent ACK
DEALER SENT networks 1
Received virtual 1
Sent ACK
DEALER SENT virtual 1
Received many 1
Sent ACK
DEALER SENT many 1
Received distributed 1
Sent ACK
DEALER SENT distributed 1
Received computations 1
Sent ACK
DEALER SENT computations 1
Received such 1
Sent ACK
DEALER SENT such 1
Received networks 1
Sent ACK
DEALER SENT networks 1
Received in 1
Sent ACK
DEALER SENT in 1
Received computing 1
Sent ACK
DEALER SENT computing 1
Received cloud 1
Sent ACK
DEALER SENT cloud 1
Received for 1
Sent ACK
DEALER SENT for 1
Received as 1
Sent ACK
DEALER SENT as 1
Received computing 4
Sent ACK
DEALER SENT computing 4
Received distributed 1
Sent ACK
DEALER SENT distributed 1
Received edge 1
Sent ACK
DEALER SENT edge 1
Received mapreduce 1
Sent ACK
DEALER SENT mapreduce 1
Received require 1
Sent ACK
DEALER SENT require 1
Received spark 1
Sent ACK
DEALER SENT spark 1
Received and 1
Sent ACK
DEALER SENT and 1
Received learning 1
Sent ACK
DEALER SENT learning 1
Received centers 1
Sent ACK
DEALER SENT centers 1
Received and 2
Sent ACK
DEALER SENT and 2
Received example 1
Sent ACK
DEALER SENT example 1
Received of 1
Sent ACK
DEALER SENT of 1
Received wireless 3
Sent ACK
DEALER SENT wireless 3
Received that 1
Sent ACK
DEALER SENT that 1
Received things 1
Sent ACK
DEALER SENT things 1
Received fog 1
Sent ACK
DEALER SENT fog 1
Received computing 1
Sent ACK
DEALER SENT computing 1
Received have 1
Sent ACK
DEALER SENT have 1
Received distributed 1
Sent ACK
DEALER SENT distributed 1
Received systems 1
Sent ACK
DEALER SENT systems 1
Received is 2
Sent ACK
DEALER SENT is 2
Received hadoop 1
Sent ACK
DEALER SENT hadoop 1
Received machine 1
Sent ACK
DEALER SENT machine 1
Received internet 1
Sent ACK
DEALER SENT internet 1
Received an 1
Sent ACK
DEALER SENT an 1
Received and 1
Sent ACK
DEALER SENT and 1
Received important 1
Sent ACK
DEALER SENT important 1
Received based 1
Sent ACK
DEALER SENT based 1
Received complex 2
Sent ACK
DEALER SENT complex 2
Received data 1
Sent ACK
DEALER SENT data 1
Received the 1
Sent ACK
DEALER SENT the 1
Received reality 1
Sent ACK
DEALER SENT reality 1
Received that 1
Sent ACK
DEALER SENT that 1
Received called 1
Sent ACK
DEALER SENT called 1
Received applications 1
Sent ACK
DEALER SENT applications 1
Received task 1
Sent ACK
DEALER SENT task 1
Received in 1
Sent ACK
DEALER SENT in 1
Received since 1
Sent ACK
DEALER SENT since 1
Received split 1
Sent ACK
DEALER SENT split 1
Received distributed 2
Sent ACK
DEALER SENT distributed 2
Received reduce 1
Sent ACK
DEALER SENT reduce 1
Received is 1
Sent ACK
DEALER SENT is 1
Received nodes 1
Sent ACK
DEALER SENT nodes 1
Received called 2
Sent ACK
DEALER SENT called 2
Received the 1
Sent ACK
DEALER SENT the 1
Received facilitates 1
Sent ACK
DEALER SENT facilitates 1
Received again 1
Sent ACK
DEALER SENT again 1
Received across 1
Sent ACK
DEALER SENT across 1
Received and 1
Sent ACK
DEALER SENT and 1
Received shuffled 1
Sent ACK
DEALER SENT shuffled 1
Received assigned 1
Sent ACK
DEALER SENT assigned 1
Received processed 1
Sent ACK
DEALER SENT processed 1
Received distributed 1
Sent ACK
DEALER SENT distributed 1
Received computing 1
Sent ACK
DEALER SENT computing 1
Received step 1
Sent ACK
DEALER SENT step 1
Received then 1
Sent ACK
DEALER SENT then 1
Received nodes 1
Sent ACK
DEALER SENT nodes 1
Received information 1
Sent ACK
DEALER SENT information 1
Received the 3
Sent ACK
DEALER SENT the 3
Received to 1
Sent ACK
DEALER SENT to 1
Received framework 1
Sent ACK
DEALER SENT framework 1
Received processed 1
Sent ACK
DEALER SENT processed 1
Received split 1
Sent ACK
DEALER SENT split 1
Received communication 1
Sent ACK
DEALER SENT communication 1
Received as 1
Sent ACK
DEALER SENT as 1
Received mapreduce 1
Sent ACK
DEALER SENT mapreduce 1
Received workers 1
Sent ACK
DEALER SENT workers 1
Received at 1
Sent ACK
DEALER SENT at 1
Received and 1
Sent ACK
DEALER SENT and 1
Received computational 1
Sent ACK
DEALER SENT computational 1
Received nodes 1
Sent ACK
DEALER SENT nodes 1
Received exchange 1
Sent ACK
DEALER SENT exchange 1
Received phase 1
Sent ACK
DEALER SENT phase 1
Received are 1
Sent ACK
DEALER SENT are 1
Received which 1
Sent ACK
DEALER SENT which 1
Received map 1
Sent ACK
DEALER SENT map 1
Received and 2
Sent ACK
DEALER SENT and 2
Received first 1
Sent ACK
DEALER SENT first 1
Received amount 1
Sent ACK
DEALER SENT amount 1
Received shuffle 1
Sent ACK
DEALER SENT shuffle 1
Received grow 1
Sent ACK
DEALER SENT grow 1
Received the 1
Sent ACK
DEALER SENT the 1
Received results 1
Sent ACK
DEALER SENT results 1
Received a 1
Sent ACK
DEALER SENT a 1
Received data 2
Sent ACK
DEALER SENT data 2
Received STOP
Sent ACK
DEALER SENT STOP
Received delay 1
Sent ACK
DEALER SENT delay 1
Received could 1
Sent ACK
DEALER SENT could 1
Received for 1
Sent ACK
DEALER SENT for 1
Received performance 1
Sent ACK
DEALER SENT performance 1
Received is 1
Sent ACK
DEALER SENT is 1
Received for 1
Sent ACK
DEALER SENT for 1
Received overall 1
Sent ACK
DEALER SENT overall 1
Received required 1
Sent ACK
DEALER SENT required 1
Received non-negligible 1
Sent ACK
DEALER SENT non-negligible 1
Received heavy 1
Sent ACK
DEALER SENT heavy 1
Received the 1
Sent ACK
DEALER SENT the 1
Received to 1
Sent ACK
DEALER SENT to 1
Received lead 1
Sent ACK
DEALER SENT lead 1
Received number 1
Sent ACK
DEALER SENT number 1
Received nodes 1
Sent ACK
DEALER SENT nodes 1
Received STOP
Sent ACK
DEALER SENT STOP
Received and 1
Sent ACK
DEALER SENT and 1
Received of 2
Sent ACK
DEALER SENT of 2
Received shuffling 1
Sent ACK
DEALER SENT shuffling 1
Received communication 1
Sent ACK
DEALER SENT communication 1
Received STOP
Sent ACK
DEALER SENT STOP
